This file contains any messages produced by compilers while
running configure, to aid debugging if configure makes a mistake.

It was created by configure, which was
generated by GNU Autoconf 2.69.  Invocation command line was

  $ ./configure 

## --------- ##
## Platform. ##
## --------- ##

hostname = mo-macbook
uname -m = arm64
uname -r = 21.6.0
uname -s = Darwin
uname -v = Darwin Kernel Version 21.6.0: Mon Aug 22 20:19:52 PDT 2022; root:xnu-8020.140.49~2/RELEASE_ARM64_T6000

/usr/bin/uname -p = arm
/bin/uname -X     = unknown

/bin/arch              = unknown
/usr/bin/arch -k       = unknown
/usr/convex/getsysinfo = unknown
/usr/bin/hostinfo      = Mach kernel version:
	 Darwin Kernel Version 21.6.0: Mon Aug 22 20:19:52 PDT 2022; root:xnu-8020.140.49~2/RELEASE_ARM64_T6000
Kernel configured for up to 10 processors.
10 processors are physically available.
10 processors are logically available.
Processor type: arm64e (ARM64E)
Processors active: 0 1 2 3 4 5 6 7 8 9
Primary memory available: 64.00 gigabytes
Default processor set: 596 tasks, 4720 threads, 10 processors
Load average: 5.70, Mach factor: 5.24
/bin/machine           = unknown
/usr/bin/oslevel       = unknown
/bin/universe          = unknown

PATH: /opt/homebrew/opt/ruby/bin
PATH: /Users/mkh/Downloads/google-cloud-sdk/bin
PATH: /Users/mkh/Library/pnpm
PATH: /opt/homebrew/opt/ruby/bin
PATH: /Users/mkh/Downloads/google-cloud-sdk/bin
PATH: /Users/mkh/Library/pnpm
PATH: /Users/mkh/.nvm/versions/node/v16.15.1/bin
PATH: /opt/homebrew/bin
PATH: /opt/homebrew/sbin
PATH: /usr/local/bin
PATH: /usr/bin
PATH: /bin
PATH: /usr/sbin
PATH: /sbin
PATH: /Users/mkh/Library/Python/3.8/bin/
PATH: /Applications/VMware Fusion Tech Preview.app/Contents/Public
PATH: /Users/mkh/.rvm/bin
PATH: /Users/mkh/.rvm/bin


## ----------- ##
## Core tests. ##
## ----------- ##

configure:2099: checking for grep that handles long lines and -e
configure:2157: result: /usr/bin/grep
configure:2162: checking for egrep
configure:2224: result: /usr/bin/grep -E
configure:2229: checking for a sed that does not truncate output
configure:2293: result: /usr/bin/sed
configure:2432: checking for cc
configure:2448: found /usr/bin/cc
configure:2459: result: cc
configure:2490: checking for C compiler version
configure:2499: cc --version >&5
Apple clang version 14.0.0 (clang-1400.0.29.102)
Target: arm64-apple-darwin21.6.0
Thread model: posix
InstalledDir: /Library/Developer/CommandLineTools/usr/bin
configure:2510: $? = 0
configure:2499: cc -v >&5
Apple clang version 14.0.0 (clang-1400.0.29.102)
Target: arm64-apple-darwin21.6.0
Thread model: posix
InstalledDir: /Library/Developer/CommandLineTools/usr/bin
configure:2510: $? = 0
configure:2499: cc -V >&5
clang: error: argument to '-V' is missing (expected 1 value)
clang: error: no input files
configure:2510: $? = 1
configure:2499: cc -qversion >&5
clang: error: unknown argument '-qversion'; did you mean '--version'?
clang: error: no input files
configure:2510: $? = 1
configure:2530: checking whether the C compiler works
configure:2552: cc    conftest.c  >&5
configure:2556: $? = 0
configure:2604: result: yes
configure:2607: checking for C compiler default output file name
configure:2609: result: a.out
configure:2615: checking for suffix of executables
configure:2622: cc -o conftest    conftest.c  >&5
configure:2626: $? = 0
configure:2648: result: 
configure:2670: checking whether we are cross compiling
configure:2678: cc -o conftest    conftest.c  >&5
configure:2682: $? = 0
configure:2689: ./conftest
configure:2693: $? = 0
configure:2708: result: no
configure:2713: checking for suffix of object files
configure:2735: cc -c   conftest.c >&5
configure:2739: $? = 0
configure:2760: result: o
configure:2764: checking whether we are using the GNU C compiler
configure:2783: cc -c   conftest.c >&5
configure:2783: $? = 0
configure:2792: result: yes
configure:2801: checking whether cc accepts -g
configure:2821: cc -c -g  conftest.c >&5
configure:2821: $? = 0
configure:2862: result: yes
configure:2879: checking for cc option to accept ISO C89
configure:2942: cc  -c -g -O2  conftest.c >&5
configure:2942: $? = 0
configure:2955: result: none needed
configure:2981: checking how to run the C preprocessor
configure:3012: cc -E  conftest.c
configure:3012: $? = 0
configure:3026: cc -E  conftest.c
conftest.c:9:10: fatal error: 'ac_nonexistent.h' file not found
#include <ac_nonexistent.h>
         ^~~~~~~~~~~~~~~~~~
1 error generated.
configure:3026: $? = 1
configure: failed program was:
| /* confdefs.h */
| #define PACKAGE_NAME ""
| #define PACKAGE_TARNAME ""
| #define PACKAGE_VERSION ""
| #define PACKAGE_STRING ""
| #define PACKAGE_BUGREPORT ""
| #define PACKAGE_URL ""
| /* end confdefs.h.  */
| #include <ac_nonexistent.h>
configure:3051: result: cc -E
configure:3071: cc -E  conftest.c
configure:3071: $? = 0
configure:3085: cc -E  conftest.c
conftest.c:9:10: fatal error: 'ac_nonexistent.h' file not found
#include <ac_nonexistent.h>
         ^~~~~~~~~~~~~~~~~~
1 error generated.
configure:3085: $? = 1
configure: failed program was:
| /* confdefs.h */
| #define PACKAGE_NAME ""
| #define PACKAGE_TARNAME ""
| #define PACKAGE_VERSION ""
| #define PACKAGE_STRING ""
| #define PACKAGE_BUGREPORT ""
| #define PACKAGE_URL ""
| /* end confdefs.h.  */
| #include <ac_nonexistent.h>
configure:3116: checking for icc
configure:3125: result: no
configure:3139: checking for suncc
configure:3148: result: no
configure:3166: checking whether cc understands -c and -o together
configure:3194: cc -c conftest.c -o conftest2.o >&5
configure:3198: $? = 0
configure:3204: cc -c conftest.c -o conftest2.o >&5
configure:3208: $? = 0
configure:3263: result: yes
configure:3277: checking for system library directory
configure:3292: result: lib
configure:3299: checking if compiler supports -R
configure:3318: cc -o conftest -g -O2   conftest.c -R /usr/lib  >&5
warning: unknown remark option '-R' [-Wunknown-warning-option]
1 warning generated.
ld: can't map file, errno=22 file '/Library/Developer/CommandLineTools/SDKs/MacOSX.sdk/usr/lib' for architecture arm64
clang: error: linker command failed with exit code 1 (use -v to see invocation)
configure:3318: $? = 1
configure: failed program was:
| /* confdefs.h */
| #define PACKAGE_NAME ""
| #define PACKAGE_TARNAME ""
| #define PACKAGE_VERSION ""
| #define PACKAGE_STRING ""
| #define PACKAGE_BUGREPORT ""
| #define PACKAGE_URL ""
| /* end confdefs.h.  */
| 
| int
| main ()
| {
| 
|   ;
|   return 0;
| }
configure:3328: result: no
configure:3333: checking if compiler supports -Wl,-rpath,
configure:3352: cc -o conftest -g -O2   conftest.c -Wl,-rpath,/usr/lib  >&5
configure:3352: $? = 0
configure:3362: result: yes
configure:3407: checking build system type
configure:3421: result: arm-apple-darwin21.6.0
configure:3441: checking host system type
configure:3454: result: arm-apple-darwin21.6.0
configure:3474: checking target system type
configure:3487: result: arm-apple-darwin21.6.0
configure:3578: error: Cannot find php-config. Please use --with-php-config=PATH

## ---------------- ##
## Cache variables. ##
## ---------------- ##

ac_cv_build=arm-apple-darwin21.6.0
ac_cv_c_compiler_gnu=yes
ac_cv_env_CC_set=
ac_cv_env_CC_value=
ac_cv_env_CFLAGS_set=
ac_cv_env_CFLAGS_value=
ac_cv_env_CPPFLAGS_set=
ac_cv_env_CPPFLAGS_value=
ac_cv_env_CPP_set=
ac_cv_env_CPP_value=
ac_cv_env_LDFLAGS_set=
ac_cv_env_LDFLAGS_value=
ac_cv_env_LIBS_set=
ac_cv_env_LIBS_value=
ac_cv_env_LT_SYS_LIBRARY_PATH_set=
ac_cv_env_LT_SYS_LIBRARY_PATH_value=
ac_cv_env_build_alias_set=
ac_cv_env_build_alias_value=
ac_cv_env_host_alias_set=
ac_cv_env_host_alias_value=
ac_cv_env_target_alias_set=
ac_cv_env_target_alias_value=
ac_cv_host=arm-apple-darwin21.6.0
ac_cv_objext=o
ac_cv_path_EGREP='/usr/bin/grep -E'
ac_cv_path_GREP=/usr/bin/grep
ac_cv_path_SED=/usr/bin/sed
ac_cv_prog_CPP='cc -E'
ac_cv_prog_ac_ct_CC=cc
ac_cv_prog_cc_c89=
ac_cv_prog_cc_cc_c_o=yes
ac_cv_prog_cc_g=yes
ac_cv_target=arm-apple-darwin21.6.0
php_cv_cc_dashr=no
php_cv_cc_rpath=yes

## ----------------- ##
## Output variables. ##
## ----------------- ##

AR=''
AWK=''
CC='cc'
CFLAGS='-g -O2'
CONFIGURE_COMMAND=' '\''./configure'\'' '
CONFIGURE_OPTIONS=''
CPP='cc -E'
CPPFLAGS=''
DEFS=''
DLLTOOL=''
DSYMUTIL=''
DUMPBIN=''
ECHO_C='\c'
ECHO_N=''
ECHO_T=''
EGREP='/usr/bin/grep -E'
EXEEXT=''
FGREP=''
GREP='/usr/bin/grep'
LD=''
LDFLAGS=''
LIBOBJS=''
LIBS=''
LIBTOOL=''
LIPO=''
LN_S=''
LTLIBOBJS=''
LT_SYS_LIBRARY_PATH=''
MANIFEST_TOOL=''
NM=''
NMEDIT=''
OBJDUMP=''
OBJEXT='o'
OTOOL64=''
OTOOL=''
PACKAGE_BUGREPORT=''
PACKAGE_NAME=''
PACKAGE_STRING=''
PACKAGE_TARNAME=''
PACKAGE_URL=''
PACKAGE_VERSION=''
PATH_SEPARATOR=':'
RANLIB=''
RE2C=''
SED='/usr/bin/sed'
SHELL='/bin/sh'
SHLIB_DL_SUFFIX_NAME='so'
SHLIB_SUFFIX_NAME='dylib'
STRIP=''
ac_ct_AR=''
ac_ct_CC='cc'
ac_ct_DUMPBIN=''
bindir='${exec_prefix}/bin'
build='arm-apple-darwin21.6.0'
build_alias=''
build_cpu='arm'
build_os='darwin21.6.0'
build_vendor='apple'
datadir='${datarootdir}'
datarootdir='${prefix}/share'
docdir='${datarootdir}/doc/${PACKAGE}'
dvidir='${docdir}'
exec_prefix='NONE'
host='arm-apple-darwin21.6.0'
host_alias='arm-apple-darwin21.6.0'
host_cpu='arm'
host_os='darwin21.6.0'
host_vendor='apple'
htmldir='${docdir}'
includedir='${prefix}/include'
infodir='${datarootdir}/info'
libdir='${exec_prefix}/lib'
libexecdir='${exec_prefix}/libexec'
localedir='${datarootdir}/locale'
localstatedir='${prefix}/var'
mandir='${datarootdir}/man'
oldincludedir='/usr/include'
pdfdir='${docdir}'
prefix=''
program_transform_name='s,x,x,'
psdir='${docdir}'
runstatedir='${localstatedir}/run'
sbindir='${exec_prefix}/sbin'
sharedstatedir='${prefix}/com'
sysconfdir='${prefix}/etc'
target='arm-apple-darwin21.6.0'
target_alias=''
target_cpu='arm'
target_os='darwin21.6.0'
target_vendor='apple'

## ----------- ##
## confdefs.h. ##
## ----------- ##

/* confdefs.h */
#define PACKAGE_NAME ""
#define PACKAGE_TARNAME ""
#define PACKAGE_VERSION ""
#define PACKAGE_STRING ""
#define PACKAGE_BUGREPORT ""
#define PACKAGE_URL ""

configure: exit 1
